TN:
SF:balances.js
FN:2,(anonymous_0)
FN:5,(anonymous_1)
FN:8,(anonymous_2)
FN:11,(anonymous_3)
FN:14,(anonymous_4)
FN:17,(anonymous_5)
FN:23,(anonymous_6)
FNF:7
FNH:7
FNDA:1,(anonymous_0)
FNDA:1,(anonymous_1)
FNDA:3,(anonymous_2)
FNDA:14,(anonymous_3)
FNDA:4,(anonymous_4)
FNDA:8,(anonymous_5)
FNDA:3,(anonymous_6)
DA:3,1
DA:6,1
DA:9,3
DA:12,14
DA:15,4
DA:18,8
DA:19,1
DA:21,7
DA:24,3
DA:25,1
DA:27,2
DA:31,1
DA:33,1
LF:13
LH:13
BRDA:18,0,0,1
BRDA:18,0,1,7
BRDA:24,1,0,1
BRDA:24,1,1,2
BRF:4
BRH:4
end_of_record
